{"D:\\MAANG\\Testing\\Jest\\getting-started\\src\\filterByTerm.js": {"path":"D:\\MAANG\\Testing\\Jest\\getting-started\\src\\filterByTerm.js","statementMap":{"0":{"start":{"line":2,"column":2},"end":{"line":2,"column":65}},"1":{"start":{"line":2,"column":19},"end":{"line":2,"column":65}},"2":{"start":{"line":3,"column":2},"end":{"line":3,"column":68}},"3":{"start":{"line":3,"column":24},"end":{"line":3,"column":68}},"4":{"start":{"line":5,"column":16},"end":{"line":5,"column":43}},"5":{"start":{"line":7,"column":2},"end":{"line":9,"column":5}},"6":{"start":{"line":8,"column":4},"end":{"line":8,"column":41}},"7":{"start":{"line":12,"column":0},"end":{"line":12,"column":30}}},"fnMap":{"0":{"name":"filterByTerm","decl":{"start":{"line":1,"column":9},"end":{"line":1,"column":21}},"loc":{"start":{"line":1,"column":44},"end":{"line":10,"column":1}},"line":1},"1":{"name":"(anonymous_1)","decl":{"start":{"line":7,"column":25},"end":{"line":7,"column":26}},"loc":{"start":{"line":7,"column":49},"end":{"line":9,"column":3}},"line":7}},"branchMap":{"0":{"loc":{"start":{"line":2,"column":2},"end":{"line":2,"column":65}},"type":"if","locations":[{"start":{"line":2,"column":2},"end":{"line":2,"column":65}},{"start":{},"end":{}}],"line":2},"1":{"loc":{"start":{"line":3,"column":2},"end":{"line":3,"column":68}},"type":"if","locations":[{"start":{"line":3,"column":2},"end":{"line":3,"column":68}},{"start":{},"end":{}}],"line":3}},"s":{"0":3,"1":1,"2":2,"3":0,"4":2,"5":2,"6":6,"7":1},"f":{"0":3,"1":6},"b":{"0":[1,2],"1":[0,2]},"_coverageSchema":"1a1c01bbd47fc00a2c39e90264f33305004495a9","hash":"c79804377c106d916afd3813e4742e4666e5df5a"}
}
